watchapp/app/build/intermediates/manifest_merge_blame_file/debug/processDebugMainManifest/manifest-merger-blame-debug-report.txt
1<?xml version="1.0" encoding="utf-8"?>
2<manifest xmlns:android="http://schemas.android.com/apk/res/android"
3    package="com.rpm.watch"
4    android:versionCode="1"
5    android:versionName="1.0.0" >
6
7    <uses-sdk
8        android:minSdkVersion="30"
9        android:targetSdkVersion="34" />
10
11    <!-- ── Hardware ── -->
12    <uses-feature android:name="android.hardware.type.watch" />
12-->src\main\AndroidManifest.xml:5:5-64
12-->src\main\AndroidManifest.xml:5:19-61
13
14    <!-- ── Network (MQTT) ── -->
15    <uses-permission android:name="android.permission.INTERNET" />
15-->src\main\AndroidManifest.xml:8:5-67
15-->src\main\AndroidManifest.xml:8:22-64
16    <uses-permission android:name="android.permission.ACCESS_NETWORK_STATE" />
16-->src\main\AndroidManifest.xml:9:5-79
16-->src\main\AndroidManifest.xml:9:22-76
17
18    <!-- ── Samsung Health Sensor SDK – body sensors ── -->
19    <uses-permission android:name="android.permission.BODY_SENSORS" />
19-->src\main\AndroidManifest.xml:12:5-71
19-->src\main\AndroidManifest.xml:12:22-68
20    <!-- Required on Wear OS 4 (API ≥ 33) for background measurement -->
21    <uses-permission android:name="android.permission.BODY_SENSORS_BACKGROUND" />
21-->src\main\AndroidManifest.xml:14:5-82
21-->src\main\AndroidManifest.xml:14:22-79
22
23    <!-- ── Foreground service to keep MQTT + sensor alive ── -->
24    <uses-permission android:name="android.permission.FOREGROUND_SERVICE" />
24-->src\main\AndroidManifest.xml:17:5-77
24-->src\main\AndroidManifest.xml:17:22-74
25    <!-- API 34+ requires declaring the type -->
26    <uses-permission android:name="android.permission.FOREGROUND_SERVICE_DATA_SYNC" />
26-->src\main\AndroidManifest.xml:19:5-87
26-->src\main\AndroidManifest.xml:19:22-84
27    <uses-permission android:name="android.permission.FOREGROUND_SERVICE_HEALTH" />
27-->src\main\AndroidManifest.xml:20:5-84
27-->src\main\AndroidManifest.xml:20:22-81
28
29    <!-- Tell Samsung Health Sensor SDK which services we may bind to -->
30    <queries>
30-->src\main\AndroidManifest.xml:23:5-26:15
31        <package android:name="com.samsung.android.service.health" />
31-->src\main\AndroidManifest.xml:24:9-70
31-->src\main\AndroidManifest.xml:24:18-67
32        <package android:name="com.sec.android.app.samsungapps" />
32-->src\main\AndroidManifest.xml:25:9-67
32-->src\main\AndroidManifest.xml:25:18-64
33    </queries>
34
35    <uses-permission android:name="android.permission.POST_NOTIFICATIONS" />
35-->src\main\AndroidManifest.xml:28:5-77
35-->src\main\AndroidManifest.xml:28:22-74
36
37    <permission
37-->[androidx.core:core:1.13.1] AndroidManifest.xml:22:5-24:47
38        android:name="com.rpm.watch.DYNAMIC_RECEIVER_NOT_EXPORTED_PERMISSION"
38-->[androidx.core:core:1.13.1] AndroidManifest.xml:23:9-81
39        android:protectionLevel="signature" />
39-->[androidx.core:core:1.13.1] AndroidManifest.xml:24:9-44
40
41    <uses-permission android:name="com.rpm.watch.DYNAMIC_RECEIVER_NOT_EXPORTED_PERMISSION" />
41-->[androidx.core:core:1.13.1] AndroidManifest.xml:26:5-97
41-->[androidx.core:core:1.13.1] AndroidManifest.xml:26:22-94
42
43    <application
43-->src\main\AndroidManifest.xml:29:5-67:19
44        android:name="com.rpm.watch.WatchApplication"
44-->src\main\AndroidManifest.xml:30:9-41
45        android:allowBackup="true"
45-->src\main\AndroidManifest.xml:31:9-35
46        android:appComponentFactory="androidx.core.app.CoreComponentFactory"
46-->[androidx.core:core:1.13.1] AndroidManifest.xml:28:18-86
47        android:debuggable="true"
48        android:extractNativeLibs="false"
49        android:icon="@drawable/ic_launcher"
49-->src\main\AndroidManifest.xml:32:9-45
50        android:label="@string/app_name"
50-->src\main\AndroidManifest.xml:33:9-41
51        android:supportsRtl="true"
51-->src\main\AndroidManifest.xml:34:9-35
52        android:theme="@android:style/Theme.DeviceDefault" >
52-->src\main\AndroidManifest.xml:35:9-59
53        <uses-library
53-->src\main\AndroidManifest.xml:37:9-39:39
54            android:name="com.google.android.wearable"
54-->src\main\AndroidManifest.xml:38:13-55
55            android:required="true" />
55-->src\main\AndroidManifest.xml:39:13-36
56
57        <meta-data
57-->src\main\AndroidManifest.xml:41:9-43:36
58            android:name="com.google.android.wearable.standalone"
58-->src\main\AndroidManifest.xml:42:13-66
59            android:value="true" />
59-->src\main\AndroidManifest.xml:43:13-33
60
61        <activity
61-->src\main\AndroidManifest.xml:45:9-54:20
62            android:name="com.rpm.watch.MainActivity"
62-->src\main\AndroidManifest.xml:46:13-41
63            android:exported="true"
63-->src\main\AndroidManifest.xml:47:13-36
64            android:taskAffinity=""
64-->src\main\AndroidManifest.xml:48:13-36
65            android:theme="@android:style/Theme.DeviceDefault" >
65-->src\main\AndroidManifest.xml:49:13-63
66            <intent-filter>
66-->src\main\AndroidManifest.xml:50:13-53:29
67                <action android:name="android.intent.action.MAIN" />
67-->src\main\AndroidManifest.xml:51:17-69
67-->src\main\AndroidManifest.xml:51:25-66
68
69                <category android:name="android.intent.category.LAUNCHER" />
69-->src\main\AndroidManifest.xml:52:17-77
69-->src\main\AndroidManifest.xml:52:27-74
70            </intent-filter>
71        </activity>
72
73        <!--
74            HeartRateMonitorService – Foreground service that:
75              1. binds to Samsung Health Tracking Service
76              2. starts heart-rate measurement
77              3. publishes readings to MQTT broker
78        -->
79        <service
79-->src\main\AndroidManifest.xml:62:9-65:63
80            android:name="com.rpm.watch.service.HeartRateMonitorService"
80-->src\main\AndroidManifest.xml:63:13-60
81            android:exported="false"
81-->src\main\AndroidManifest.xml:64:13-37
82            android:foregroundServiceType="dataSync|health" />
82-->src\main\AndroidManifest.xml:65:13-60
83
84        <provider
84-->[androidx.emoji2:emoji2:1.3.0] AndroidManifest.xml:24:9-32:20
85            android:name="androidx.startup.InitializationProvider"
85-->[androidx.emoji2:emoji2:1.3.0] AndroidManifest.xml:25:13-67
86            android:authorities="com.rpm.watch.androidx-startup"
86-->[androidx.emoji2:emoji2:1.3.0] AndroidManifest.xml:26:13-68
87            android:exported="false" >
87-->[androidx.emoji2:emoji2:1.3.0] AndroidManifest.xml:27:13-37
88            <meta-data
88-->[androidx.emoji2:emoji2:1.3.0] AndroidManifest.xml:29:13-31:52
89                android:name="androidx.emoji2.text.EmojiCompatInitializer"
89-->[androidx.emoji2:emoji2:1.3.0] AndroidManifest.xml:30:17-75
90                android:value="androidx.startup" />
90-->[androidx.emoji2:emoji2:1.3.0] AndroidManifest.xml:31:17-49
91            <meta-data
91-->[androidx.lifecycle:lifecycle-process:2.8.5] AndroidManifest.xml:29:13-31:52
92                android:name="androidx.lifecycle.ProcessLifecycleInitializer"
92-->[androidx.lifecycle:lifecycle-process:2.8.5] AndroidManifest.xml:30:17-78
93                android:value="androidx.startup" />
93-->[androidx.lifecycle:lifecycle-process:2.8.5] AndroidManifest.xml:31:17-49
94            <meta-data
94-->[androidx.profileinstaller:profileinstaller:1.3.1] AndroidManifest.xml:29:13-31:52
95                android:name="androidx.profileinstaller.ProfileInstallerInitializer"
95-->[androidx.profileinstaller:profileinstaller:1.3.1] AndroidManifest.xml:30:17-85
96                android:value="androidx.startup" />
96-->[androidx.profileinstaller:profileinstaller:1.3.1] AndroidManifest.xml:31:17-49
97        </provider>
98
99        <activity
99-->[androidx.compose.ui:ui-tooling-android:1.7.0] AndroidManifest.xml:23:9-25:39
100            android:name="androidx.compose.ui.tooling.PreviewActivity"
100-->[androidx.compose.ui:ui-tooling-android:1.7.0] AndroidManifest.xml:24:13-71
101            android:exported="true" />
101-->[androidx.compose.ui:ui-tooling-android:1.7.0] AndroidManifest.xml:25:13-36
102
103        <receiver
103-->[androidx.profileinstaller:profileinstaller:1.3.1] AndroidManifest.xml:34:9-52:20
104            android:name="androidx.profileinstaller.ProfileInstallReceiver"
104-->[androidx.profileinstaller:profileinstaller:1.3.1] AndroidManifest.xml:35:13-76
105            android:directBootAware="false"
105-->[androidx.profileinstaller:profileinstaller:1.3.1] AndroidManifest.xml:36:13-44
106            android:enabled="true"
106-->[androidx.profileinstaller:profileinstaller:1.3.1] AndroidManifest.xml:37:13-35
107            android:exported="true"
107-->[androidx.profileinstaller:profileinstaller:1.3.1] AndroidManifest.xml:38:13-36
108            android:permission="android.permission.DUMP" >
108-->[androidx.profileinstaller:profileinstaller:1.3.1] AndroidManifest.xml:39:13-57
109            <intent-filter>
109-->[androidx.profileinstaller:profileinstaller:1.3.1] AndroidManifest.xml:40:13-42:29
110                <action android:name="androidx.profileinstaller.action.INSTALL_PROFILE" />
110-->[androidx.profileinstaller:profileinstaller:1.3.1] AndroidManifest.xml:41:17-91
110-->[androidx.profileinstaller:profileinstaller:1.3.1] AndroidManifest.xml:41:25-88
111            </intent-filter>
112            <intent-filter>
112-->[androidx.profileinstaller:profileinstaller:1.3.1] AndroidManifest.xml:43:13-45:29
113                <action android:name="androidx.profileinstaller.action.SKIP_FILE" />
113-->[androidx.profileinstaller:profileinstaller:1.3.1] AndroidManifest.xml:44:17-85
113-->[androidx.profileinstaller:profileinstaller:1.3.1] AndroidManifest.xml:44:25-82
114            </intent-filter>
115            <intent-filter>
115-->[androidx.profileinstaller:profileinstaller:1.3.1] AndroidManifest.xml:46:13-48:29
116                <action android:name="androidx.profileinstaller.action.SAVE_PROFILE" />
116-->[androidx.profileinstaller:profileinstaller:1.3.1] AndroidManifest.xml:47:17-88
116-->[androidx.profileinstaller:profileinstaller:1.3.1] AndroidManifest.xml:47:25-85
117            </intent-filter>
118            <intent-filter>
118-->[androidx.profileinstaller:profileinstaller:1.3.1] AndroidManifest.xml:49:13-51:29
119                <action android:name="androidx.profileinstaller.action.BENCHMARK_OPERATION" />
119-->[androidx.profileinstaller:profileinstaller:1.3.1] AndroidManifest.xml:50:17-95
119-->[androidx.profileinstaller:profileinstaller:1.3.1] AndroidManifest.xml:50:25-92
120            </intent-filter>
121        </receiver>
122    </application>
123
124</manifest>